2014-10-10 01:22:31.166 HelloCordova[72385:1727107] DiskCookieStorage changing policy from 2 to 0, cookie file: file:///Users/shirkan/Library/Developer/CoreSimulator/Devices/800F76E8-2782-49C9-9B30-440026D75913/data/Containers/Data/Application/D3734007-959A-4DB3-A0DE-23B3CAEB6BCC/Library/Cookies/Cookies.binarycookies
2014-10-10 01:22:31.361 HelloCordova[72385:1727107] Apache Cordova native platform version 3.6.3 is starting.
2014-10-10 01:22:31.362 HelloCordova[72385:1727107] Multi-tasking -> Device: YES, App: YES
2014-10-10 01:22:31.403 HelloCordova[72385:1727107] Unlimited access to network resources
2014-10-10 01:22:31.416 HelloCordova[72385:1727107] 

Started backup to iCloud! Please be careful.
Your application might be rejected by Apple if you store too much data.
For more information please read "iOS Data Storage Guidelines" at:
https://developer.apple.com/icloud/documentation/data-storage/

2014-10-10 01:22:32.473 HelloCordova[72385:1727107] Resetting plugins due to page load.
2014-10-10 01:22:33.051 HelloCordova[72385:1727107] Finished load of: file:///Users/shirkan/Library/Developer/CoreSimulator/Devices/800F76E8-2782-49C9-9B30-440026D75913/data/Containers/Bundle/Application/F4C34509-7AA8-4CC7-A71F-12E33548CA96/HelloCordova.app/www/index.html
2014-10-10 01:22:33.081 HelloCordova[72385:1727107] setOptions
2014-10-10 01:22:33.081 HelloCordova[72385:1727107] createBannerView
2014-10-10 01:22:33.082 HelloCordova[72385:1727107] __createBanner
2014-10-10 01:22:33.201 HelloCordova[72385:1727107] <Google> To get test ads on this device, call: request.testDevices = @[ GAD_SIMULATOR_ID ];
2014-10-10 01:22:33.285 HelloCordova[72385:1727107] THREAD WARNING: ['AdMob'] took '203.930176' ms. Plugin should use a background thread.
2014-10-11 00:51:32.535 HelloCordova[72385:1814353] Terminating since there is no system app.
2014-10-15 15:40:41.432 HelloCordova[784:11527] DiskCookieStorage changing policy from 2 to 0, cookie file: file:///Users/shirkan/Library/Developer/CoreSimulator/Devices/800F76E8-2782-49C9-9B30-440026D75913/data/Containers/Data/Application/8435E9AF-D716-4685-A6E5-754ABF52132C/Library/Cookies/Cookies.binarycookies
2014-10-15 15:40:41.501 HelloCordova[784:11527] Apache Cordova native platform version 3.6.3 is starting.
2014-10-15 15:40:41.502 HelloCordova[784:11527] Multi-tasking -> Device: YES, App: YES
2014-10-15 15:40:41.526 HelloCordova[784:11527] Unlimited access to network resources
2014-10-15 15:40:41.531 HelloCordova[784:11527] 

Started backup to iCloud! Please be careful.
Your application might be rejected by Apple if you store too much data.
For more information please read "iOS Data Storage Guidelines" at:
https://developer.apple.com/icloud/documentation/data-storage/

2014-10-15 15:40:42.009 HelloCordova[784:11527] Resetting plugins due to page load.
2014-10-15 15:40:42.319 HelloCordova[784:11527] Finished load of: file:///Users/shirkan/Library/Developer/CoreSimulator/Devices/800F76E8-2782-49C9-9B30-440026D75913/data/Containers/Bundle/Application/50A817A5-7FC0-42E5-8A3F-A20813C03666/HelloCordova.app/www/index.html
2014-10-15 15:40:42.362 HelloCordova[784:11527] setOptions
2014-10-15 15:40:42.362 HelloCordova[784:11527] createBannerView
2014-10-15 15:40:42.362 HelloCordova[784:11527] __createBanner
2014-10-15 15:40:42.442 HelloCordova[784:11527] <Google> To get test ads on this device, call: request.testDevices = @[ GAD_SIMULATOR_ID ];
2014-10-15 15:40:42.513 HelloCordova[784:11527] THREAD WARNING: ['AdMob'] took '151.410156' ms. Plugin should use a background thread.
2014-10-15 15:40:44.558 HelloCordova[784:11527] -[CDVAdMob adViewDidReceiveAd:]: Received ad successfully.
2014-10-15 15:41:02.746 HelloCordova[784:11527] adViewWillLeaveApplication
2014-10-15 15:41:28.495 HelloCordova[784:11527] adViewWillLeaveApplication
2014-10-15 15:42:39.342 HelloCordova[784:11527] -[CDVAdMob adViewDidReceiveAd:]: Received ad successfully.
2014-10-15 15:43:39.088 HelloCordova[784:11527] -[CDVAdMob adViewDidReceiveAd:]: Received ad successfully.
2014-10-15 15:44:39.595 HelloCordova[784:11527] -[CDVAdMob adViewDidReceiveAd:]: Received ad successfully.
2014-10-15 15:45:00.034 HelloCordova[982:14669] Apache Cordova native platform version 3.6.3 is starting.
2014-10-15 15:45:00.036 HelloCordova[982:14669] Multi-tasking -> Device: YES, App: YES
2014-10-15 15:45:00.042 HelloCordova[982:14669] Unlimited access to network resources
2014-10-15 15:45:00.045 HelloCordova[982:14669] 

Started backup to iCloud! Please be careful.
Your application might be rejected by Apple if you store too much data.
For more information please read "iOS Data Storage Guidelines" at:
https://developer.apple.com/icloud/documentation/data-storage/

2014-10-15 15:45:00.249 HelloCordova[982:14669] Resetting plugins due to page load.
2014-10-15 15:45:00.426 HelloCordova[982:14669] Finished load of: file:///Users/shirkan/Library/Developer/CoreSimulator/Devices/800F76E8-2782-49C9-9B30-440026D75913/data/Containers/Bundle/Application/693C59C1-CEA8-4563-BAF2-85E4D98E91A1/HelloCordova.app/www/index.html
2014-10-15 15:45:00.481 HelloCordova[982:14669] setOptions
2014-10-15 15:45:00.481 HelloCordova[982:14669] createBannerView
2014-10-15 15:45:00.481 HelloCordova[982:14669] __createBanner
2014-10-15 15:45:00.579 HelloCordova[982:14669] <Google> To get test ads on this device, call: request.testDevices = @[ GAD_SIMULATOR_ID ];
2014-10-15 15:45:00.647 HelloCordova[982:14669] THREAD WARNING: ['AdMob'] took '166.290039' ms. Plugin should use a background thread.
2014-10-15 15:45:02.201 HelloCordova[982:14669] -[CDVAdMob adViewDidReceiveAd:]: Received ad successfully.
2014-10-15 15:46:02.431 HelloCordova[982:14669] -[CDVAdMob adViewDidReceiveAd:]: Received ad successfully.
2014-10-15 15:46:42.056 HelloCordova[1103:16024] Apache Cordova native platform version 3.6.3 is starting.
2014-10-15 15:46:42.059 HelloCordova[1103:16024] Multi-tasking -> Device: YES, App: YES
2014-10-15 15:46:42.068 HelloCordova[1103:16024] Unlimited access to network resources
2014-10-15 15:46:42.071 HelloCordova[1103:16024] 

Started backup to iCloud! Please be careful.
Your application might be rejected by Apple if you store too much data.
For more information please read "iOS Data Storage Guidelines" at:
https://developer.apple.com/icloud/documentation/data-storage/

2014-10-15 15:46:42.278 HelloCordova[1103:16024] Resetting plugins due to page load.
2014-10-15 15:46:42.444 HelloCordova[1103:16024] Finished load of: file:///Users/shirkan/Library/Developer/CoreSimulator/Devices/800F76E8-2782-49C9-9B30-440026D75913/data/Containers/Bundle/Application/03CCB82A-E0C1-443E-B8D4-BE174DAF3F60/HelloCordova.app/www/index.html
2014-10-15 15:46:42.482 HelloCordova[1103:16024] setOptions
2014-10-15 15:46:42.482 HelloCordova[1103:16024] createBannerView
2014-10-15 15:46:42.482 HelloCordova[1103:16024] __createBanner
2014-10-15 15:46:42.575 HelloCordova[1103:16024] <Google> To get test ads on this device, call: request.testDevices = @[ GAD_SIMULATOR_ID ];
2014-10-15 15:46:42.646 HelloCordova[1103:16024] THREAD WARNING: ['AdMob'] took '163.917969' ms. Plugin should use a background thread.
2014-10-15 15:46:44.223 HelloCordova[1103:16024] -[CDVAdMob adViewDidReceiveAd:]: Received ad successfully.
2014-10-15 15:47:44.480 HelloCordova[1103:16024] -[CDVAdMob adViewDidReceiveAd:]: Received ad successfully.
2014-10-15 15:48:45.015 HelloCordova[1103:16024] -[CDVAdMob adViewDidReceiveAd:]: Received ad successfully.
2014-10-15 15:49:45.127 HelloCordova[1103:16024] -[CDVAdMob adViewDidReceiveAd:]: Received ad successfully.
2014-10-15 15:50:45.501 HelloCordova[1103:16024] -[CDVAdMob adViewDidReceiveAd:]: Received ad successfully.
2014-10-15 15:51:45.696 HelloCordova[1103:16024] -[CDVAdMob adViewDidReceiveAd:]: Received ad successfully.
2014-10-15 15:52:46.007 HelloCordova[1103:16024] -[CDVAdMob adViewDidReceiveAd:]: Received ad successfully.
2014-10-15 15:53:51.928 HelloCordova[1103:16024] -[CDVAdMob adViewDidReceiveAd:]: Received ad successfully.
2014-10-15 15:54:35.330 HelloCordova[1369:21471] Apache Cordova native platform version 3.6.3 is starting.
2014-10-15 15:54:35.331 HelloCordova[1369:21471] Multi-tasking -> Device: YES, App: YES
2014-10-15 15:54:35.336 HelloCordova[1369:21471] Unlimited access to network resources
2014-10-15 15:54:35.338 HelloCordova[1369:21471] 

Started backup to iCloud! Please be careful.
Your application might be rejected by Apple if you store too much data.
For more information please read "iOS Data Storage Guidelines" at:
https://developer.apple.com/icloud/documentation/data-storage/

2014-10-15 15:54:35.628 HelloCordova[1369:21471] Resetting plugins due to page load.
2014-10-15 15:54:35.812 HelloCordova[1369:21471] Finished load of: file:///Users/shirkan/Library/Developer/CoreSimulator/Devices/800F76E8-2782-49C9-9B30-440026D75913/data/Containers/Bundle/Application/B48AC37D-9201-4023-9431-F73813267DB5/HelloCordova.app/www/index.html
2014-10-15 15:54:35.855 HelloCordova[1369:21471] setOptions
2014-10-15 15:54:35.855 HelloCordova[1369:21471] createBannerView
2014-10-15 15:54:35.855 HelloCordova[1369:21471] __createBanner
2014-10-15 15:54:35.952 HelloCordova[1369:21471] <Google> To get test ads on this device, call: request.testDevices = @[ GAD_SIMULATOR_ID ];
2014-10-15 15:54:36.023 HelloCordova[1369:21471] THREAD WARNING: ['AdMob'] took '168.030029' ms. Plugin should use a background thread.
2014-10-15 15:54:37.893 HelloCordova[1369:21471] -[CDVAdMob adViewDidReceiveAd:]: Received ad successfully.
2014-10-15 15:55:38.008 HelloCordova[1369:21471] -[CDVAdMob adViewDidReceiveAd:]: Received ad successfully.
2014-10-15 15:56:29.984 HelloCordova[1496:22826] Apache Cordova native platform version 3.6.3 is starting.
2014-10-15 15:56:29.985 HelloCordova[1496:22826] Multi-tasking -> Device: YES, App: YES
2014-10-15 15:56:29.991 HelloCordova[1496:22826] Unlimited access to network resources
2014-10-15 15:56:29.993 HelloCordova[1496:22826] 

Started backup to iCloud! Please be careful.
Your application might be rejected by Apple if you store too much data.
For more information please read "iOS Data Storage Guidelines" at:
https://developer.apple.com/icloud/documentation/data-storage/

2014-10-15 15:56:30.210 HelloCordova[1496:22826] Resetting plugins due to page load.
2014-10-15 15:56:30.388 HelloCordova[1496:22826] Finished load of: file:///Users/shirkan/Library/Developer/CoreSimulator/Devices/800F76E8-2782-49C9-9B30-440026D75913/data/Containers/Bundle/Application/725C6DBF-58EE-4188-B9ED-8D1C4EF2A9BE/HelloCordova.app/www/index.html
2014-10-15 15:56:30.431 HelloCordova[1496:22826] setOptions
2014-10-15 15:56:30.431 HelloCordova[1496:22826] createBannerView
2014-10-15 15:56:30.431 HelloCordova[1496:22826] __createBanner
2014-10-15 15:56:30.529 HelloCordova[1496:22826] <Google> To get test ads on this device, call: request.testDevices = @[ GAD_SIMULATOR_ID ];
2014-10-15 15:56:30.599 HelloCordova[1496:22826] THREAD WARNING: ['AdMob'] took '167.975830' ms. Plugin should use a background thread.
2014-10-15 15:56:32.375 HelloCordova[1496:22826] -[CDVAdMob adViewDidReceiveAd:]: Received ad successfully.
2014-10-15 15:57:16.499 HelloCordova[1596:23600] Apache Cordova native platform version 3.6.3 is starting.
2014-10-15 15:57:16.501 HelloCordova[1596:23600] Multi-tasking -> Device: YES, App: YES
2014-10-15 15:57:16.511 HelloCordova[1596:23600] Unlimited access to network resources
2014-10-15 15:57:16.514 HelloCordova[1596:23600] 

Started backup to iCloud! Please be careful.
Your application might be rejected by Apple if you store too much data.
For more information please read "iOS Data Storage Guidelines" at:
https://developer.apple.com/icloud/documentation/data-storage/

2014-10-15 15:57:16.744 HelloCordova[1596:23600] Resetting plugins due to page load.
2014-10-15 15:57:16.906 HelloCordova[1596:23600] Finished load of: file:///Users/shirkan/Library/Developer/CoreSimulator/Devices/800F76E8-2782-49C9-9B30-440026D75913/data/Containers/Bundle/Application/9E22C59A-C5F0-4032-9FEF-FFB0FB95C0DA/HelloCordova.app/www/index.html
2014-10-15 15:57:16.933 HelloCordova[1596:23600] setOptions
2014-10-15 15:57:16.933 HelloCordova[1596:23600] createBannerView
2014-10-15 15:57:16.934 HelloCordova[1596:23600] __createBanner
2014-10-15 15:57:17.007 HelloCordova[1596:23600] <Google> To get test ads on this device, call: request.testDevices = @[ GAD_SIMULATOR_ID ];
2014-10-15 15:57:17.078 HelloCordova[1596:23600] THREAD WARNING: ['AdMob'] took '144.593994' ms. Plugin should use a background thread.
2014-10-15 15:57:18.354 HelloCordova[1596:23600] -[CDVAdMob adViewDidReceiveAd:]: Received ad successfully.
2014-10-15 15:58:18.630 HelloCordova[1596:23600] -[CDVAdMob adViewDidReceiveAd:]: Received ad successfully.
2014-10-15 15:59:18.753 HelloCordova[1596:23600] -[CDVAdMob adViewDidReceiveAd:]: Received ad successfully.
2014-10-15 16:00:19.016 HelloCordova[1596:23600] -[CDVAdMob adViewDidReceiveAd:]: Received ad successfully.
2014-10-15 16:01:19.325 HelloCordova[1596:23600] -[CDVAdMob adViewDidReceiveAd:]: Received ad successfully.
2014-10-15 16:02:19.544 HelloCordova[1596:23600] -[CDVAdMob adViewDidReceiveAd:]: Received ad successfully.
2014-10-15 16:03:19.806 HelloCordova[1596:23600] -[CDVAdMob adViewDidReceiveAd:]: Received ad successfully.
2014-10-15 16:04:20.120 HelloCordova[1596:23600] -[CDVAdMob adViewDidReceiveAd:]: Received ad successfully.
2014-10-15 16:05:20.430 HelloCordova[1596:23600] -[CDVAdMob adViewDidReceiveAd:]: Received ad successfully.
2014-10-15 16:06:20.715 HelloCordova[1596:23600] -[CDVAdMob adViewDidReceiveAd:]: Received ad successfully.
2014-10-15 16:07:20.984 HelloCordova[1596:23600] -[CDVAdMob adViewDidReceiveAd:]: Received ad successfully.
2014-10-15 16:08:21.301 HelloCordova[1596:23600] -[CDVAdMob adViewDidReceiveAd:]: Received ad successfully.
2014-10-15 16:08:31.533 HelloCordova[1914:30794] Apache Cordova native platform version 3.6.3 is starting.
2014-10-15 16:08:31.534 HelloCordova[1914:30794] Multi-tasking -> Device: YES, App: YES
2014-10-15 16:08:31.539 HelloCordova[1914:30794] Unlimited access to network resources
2014-10-15 16:08:31.542 HelloCordova[1914:30794] 

Started backup to iCloud! Please be careful.
Your application might be rejected by Apple if you store too much data.
For more information please read "iOS Data Storage Guidelines" at:
https://developer.apple.com/icloud/documentation/data-storage/

2014-10-15 16:08:31.765 HelloCordova[1914:30794] Resetting plugins due to page load.
2014-10-15 16:08:31.939 HelloCordova[1914:30794] Finished load of: file:///Users/shirkan/Library/Developer/CoreSimulator/Devices/800F76E8-2782-49C9-9B30-440026D75913/data/Containers/Bundle/Application/FBAC4A64-0D2D-4BE3-B99C-D95531DC5859/HelloCordova.app/www/index.html
2014-10-15 16:08:31.979 HelloCordova[1914:30794] setOptions
2014-10-15 16:08:31.979 HelloCordova[1914:30794] createBannerView
2014-10-15 16:08:31.980 HelloCordova[1914:30794] __createBanner
2014-10-15 16:08:32.071 HelloCordova[1914:30794] <Google> To get test ads on this device, call: request.testDevices = @[ GAD_SIMULATOR_ID ];
2014-10-15 16:08:32.140 HelloCordova[1914:30794] THREAD WARNING: ['AdMob'] took '160.625000' ms. Plugin should use a background thread.
2014-10-15 16:08:33.417 HelloCordova[1914:30794] -[CDVAdMob adViewDidReceiveAd:]: Received ad successfully.
2014-10-15 16:09:14.809 HelloCordova[2013:31507] Apache Cordova native platform version 3.6.3 is starting.
2014-10-15 16:09:14.810 HelloCordova[2013:31507] Multi-tasking -> Device: YES, App: YES
2014-10-15 16:09:14.817 HelloCordova[2013:31507] Unlimited access to network resources
2014-10-15 16:09:14.820 HelloCordova[2013:31507] 

Started backup to iCloud! Please be careful.
Your application might be rejected by Apple if you store too much data.
For more information please read "iOS Data Storage Guidelines" at:
https://developer.apple.com/icloud/documentation/data-storage/

2014-10-15 16:09:15.037 HelloCordova[2013:31507] Resetting plugins due to page load.
2014-10-15 16:09:15.234 HelloCordova[2013:31507] Finished load of: file:///Users/shirkan/Library/Developer/CoreSimulator/Devices/800F76E8-2782-49C9-9B30-440026D75913/data/Containers/Bundle/Application/C35BB162-6866-4E6D-B6B8-12855D0E40E9/HelloCordova.app/www/index.html
2014-10-15 16:09:15.292 HelloCordova[2013:31507] setOptions
2014-10-15 16:09:15.293 HelloCordova[2013:31507] createBannerView
2014-10-15 16:09:15.293 HelloCordova[2013:31507] __createBanner
2014-10-15 16:09:15.396 HelloCordova[2013:31507] <Google> To get test ads on this device, call: request.testDevices = @[ GAD_SIMULATOR_ID ];
2014-10-15 16:09:15.480 HelloCordova[2013:31507] THREAD WARNING: ['AdMob'] took '187.129883' ms. Plugin should use a background thread.
2014-10-15 16:09:17.414 HelloCordova[2013:31507] -[CDVAdMob adViewDidReceiveAd:]: Received ad successfully.
2014-10-15 16:09:56.284 HelloCordova[2110:32213] Apache Cordova native platform version 3.6.3 is starting.
2014-10-15 16:09:56.286 HelloCordova[2110:32213] Multi-tasking -> Device: YES, App: YES
2014-10-15 16:09:56.295 HelloCordova[2110:32213] Unlimited access to network resources
2014-10-15 16:09:56.299 HelloCordova[2110:32213] 

Started backup to iCloud! Please be careful.
Your application might be rejected by Apple if you store too much data.
For more information please read "iOS Data Storage Guidelines" at:
https://developer.apple.com/icloud/documentation/data-storage/

2014-10-15 16:09:56.549 HelloCordova[2110:32213] Resetting plugins due to page load.
2014-10-15 16:09:56.715 HelloCordova[2110:32213] Finished load of: file:///Users/shirkan/Library/Developer/CoreSimulator/Devices/800F76E8-2782-49C9-9B30-440026D75913/data/Containers/Bundle/Application/AFBF91C9-FBDE-4ADE-87B5-845CDAF901CB/HelloCordova.app/www/index.html
2014-10-15 16:09:56.751 HelloCordova[2110:32213] setOptions
2014-10-15 16:09:56.752 HelloCordova[2110:32213] createBannerView
2014-10-15 16:09:56.752 HelloCordova[2110:32213] __createBanner
2014-10-15 16:09:56.830 HelloCordova[2110:32213] <Google> To get test ads on this device, call: request.testDevices = @[ GAD_SIMULATOR_ID ];
2014-10-15 16:09:56.906 HelloCordova[2110:32213] THREAD WARNING: ['AdMob'] took '153.843262' ms. Plugin should use a background thread.
2014-10-15 16:09:58.398 HelloCordova[2110:32213] -[CDVAdMob adViewDidReceiveAd:]: Received ad successfully.
2014-10-15 16:10:26.436 HelloCordova[2203:32699] Apache Cordova native platform version 3.6.3 is starting.
2014-10-15 16:10:26.437 HelloCordova[2203:32699] Multi-tasking -> Device: YES, App: YES
2014-10-15 16:10:26.442 HelloCordova[2203:32699] Unlimited access to network resources
2014-10-15 16:10:26.445 HelloCordova[2203:32699] 

Started backup to iCloud! Please be careful.
Your application might be rejected by Apple if you store too much data.
For more information please read "iOS Data Storage Guidelines" at:
https://developer.apple.com/icloud/documentation/data-storage/

2014-10-15 16:10:26.709 HelloCordova[2203:32699] Resetting plugins due to page load.
2014-10-15 16:10:26.893 HelloCordova[2203:32699] Finished load of: file:///Users/shirkan/Library/Developer/CoreSimulator/Devices/800F76E8-2782-49C9-9B30-440026D75913/data/Containers/Bundle/Application/18315D73-CCF2-40B7-BEE9-C6923EAD2622/HelloCordova.app/www/index.html
2014-10-15 16:10:26.939 HelloCordova[2203:32699] setOptions
2014-10-15 16:10:26.939 HelloCordova[2203:32699] createBannerView
2014-10-15 16:10:26.939 HelloCordova[2203:32699] __createBanner
2014-10-15 16:10:27.070 HelloCordova[2203:32699] <Google> To get test ads on this device, call: request.testDevices = @[ GAD_SIMULATOR_ID ];
2014-10-15 16:10:27.167 HelloCordova[2203:32699] THREAD WARNING: ['AdMob'] took '228.091064' ms. Plugin should use a background thread.
2014-10-15 16:10:28.370 HelloCordova[2203:32699] -[CDVAdMob adViewDidReceiveAd:]: Received ad successfully.
2014-10-15 16:10:54.723 HelloCordova[2296:33291] Apache Cordova native platform version 3.6.3 is starting.
2014-10-15 16:10:54.724 HelloCordova[2296:33291] Multi-tasking -> Device: YES, App: YES
2014-10-15 16:10:54.732 HelloCordova[2296:33291] Unlimited access to network resources
2014-10-15 16:10:54.734 HelloCordova[2296:33291] 

Started backup to iCloud! Please be careful.
Your application might be rejected by Apple if you store too much data.
For more information please read "iOS Data Storage Guidelines" at:
https://developer.apple.com/icloud/documentation/data-storage/

2014-10-15 16:10:54.977 HelloCordova[2296:33291] Resetting plugins due to page load.
2014-10-15 16:10:55.175 HelloCordova[2296:33291] Finished load of: file:///Users/shirkan/Library/Developer/CoreSimulator/Devices/800F76E8-2782-49C9-9B30-440026D75913/data/Containers/Bundle/Application/AD33A70E-71BB-4CC1-859D-B00EDBBC0EAA/HelloCordova.app/www/index.html
2014-10-15 16:10:55.229 HelloCordova[2296:33291] setOptions
2014-10-15 16:10:55.229 HelloCordova[2296:33291] createBannerView
2014-10-15 16:10:55.229 HelloCordova[2296:33291] __createBanner
2014-10-15 16:10:55.347 HelloCordova[2296:33291] <Google> To get test ads on this device, call: request.testDevices = @[ GAD_SIMULATOR_ID ];
2014-10-15 16:10:55.422 HelloCordova[2296:33291] THREAD WARNING: ['AdMob'] took '193.394043' ms. Plugin should use a background thread.
2014-10-15 16:10:56.379 HelloCordova[2296:33291] -[CDVAdMob adViewDidReceiveAd:]: Received ad successfully.
2014-10-15 16:11:56.511 HelloCordova[2296:33291] -[CDVAdMob adViewDidReceiveAd:]: Received ad successfully.
2014-10-15 16:12:56.824 HelloCordova[2296:33291] -[CDVAdMob adViewDidReceiveAd:]: Received ad successfully.
2014-10-15 16:13:57.101 HelloCordova[2296:33291] -[CDVAdMob adViewDidReceiveAd:]: Received ad successfully.
2014-10-15 16:14:57.457 HelloCordova[2296:33291] -[CDVAdMob adViewDidReceiveAd:]: Received ad successfully.
2014-10-15 16:15:57.621 HelloCordova[2296:33291] -[CDVAdMob adViewDidReceiveAd:]: Received ad successfully.
2014-10-15 16:16:57.890 HelloCordova[2296:33291] -[CDVAdMob adViewDidReceiveAd:]: Received ad successfully.
2014-10-15 16:17:58.161 HelloCordova[2296:33291] -[CDVAdMob adViewDidReceiveAd:]: Received ad successfully.
2014-10-15 16:18:58.450 HelloCordova[2296:33291] -[CDVAdMob adViewDidReceiveAd:]: Received ad successfully.
2014-10-15 16:19:58.744 HelloCordova[2296:33291] -[CDVAdMob adViewDidReceiveAd:]: Received ad successfully.
2014-10-15 16:20:59.046 HelloCordova[2296:33291] -[CDVAdMob adViewDidReceiveAd:]: Received ad successfully.
2014-10-15 16:21:59.719 HelloCordova[2296:33291] -[CDVAdMob adViewDidReceiveAd:]: Received ad successfully.
2014-10-15 16:23:00.034 HelloCordova[2296:33291] -[CDVAdMob adViewDidReceiveAd:]: Received ad successfully.
2014-10-15 16:24:00.318 HelloCordova[2296:33291] -[CDVAdMob adViewDidReceiveAd:]: Received ad successfully.
2014-10-15 16:25:00.672 HelloCordova[2296:33291] -[CDVAdMob adViewDidReceiveAd:]: Received ad successfully.
2014-10-15 16:26:00.936 HelloCordova[2296:33291] -[CDVAdMob adViewDidReceiveAd:]: Received ad successfully.
2014-10-15 16:27:01.182 HelloCordova[2296:33291] -[CDVAdMob adViewDidReceiveAd:]: Received ad successfully.
2014-10-15 16:28:01.443 HelloCordova[2296:33291] -[CDVAdMob adViewDidReceiveAd:]: Received ad successfully.
2014-10-15 16:29:01.829 HelloCordova[2296:33291] -[CDVAdMob adViewDidReceiveAd:]: Received ad successfully.
2014-10-15 16:30:02.117 HelloCordova[2296:33291] -[CDVAdMob adViewDidReceiveAd:]: Received ad successfully.
2014-10-15 16:30:45.793 רב-קו[3632:48287] DiskCookieStorage changing policy from 2 to 0, cookie file: file:///Users/shirkan/Library/Developer/CoreSimulator/Devices/800F76E8-2782-49C9-9B30-440026D75913/data/Containers/Data/Application/46F6B795-F5BD-4ECF-8250-CB151EF9A549/Library/Cookies/Cookies.binarycookies
2014-10-15 16:30:45.967 רב-קו[3632:48287] Apache Cordova native platform version 3.6.3 is starting.
2014-10-15 16:30:45.967 רב-קו[3632:48287] Multi-tasking -> Device: YES, App: YES
2014-10-15 16:30:46.001 רב-קו[3632:48287] Unlimited access to network resources
2014-10-15 16:30:46.007 רב-קו[3632:48287] 

Started backup to iCloud! Please be careful.
Your application might be rejected by Apple if you store too much data.
For more information please read "iOS Data Storage Guidelines" at:
https://developer.apple.com/icloud/documentation/data-storage/

2014-10-15 16:30:46.822 רב-קו[3632:48287] Resetting plugins due to page load.
2014-10-15 16:30:47.179 רב-קו[3632:48287] Finished load of: file:///Users/shirkan/Library/Developer/CoreSimulator/Devices/800F76E8-2782-49C9-9B30-440026D75913/data/Containers/Bundle/Application/41A40AC9-DD64-4D5F-B7CF-35C0ABAC7609/%D7%A8%D7%91-%D7%A7%D7%95.app/www/index.html
2014-10-15 16:30:47.212 רב-קו[3632:48287] setOptions
2014-10-15 16:30:47.213 רב-קו[3632:48287] createBannerView
2014-10-15 16:30:47.213 רב-קו[3632:48287] __createBanner
2014-10-15 16:30:47.337 רב-קו[3632:48287] <Google> To get test ads on this device, call: request.testDevices = @[ GAD_SIMULATOR_ID ];
2014-10-15 16:30:47.449 רב-קו[3632:48287] THREAD WARNING: ['AdMob'] took '235.798096' ms. Plugin should use a background thread.
2014-10-15 16:30:49.563 רב-קו[3632:48287] -[CDVAdMob adViewDidReceiveAd:]: Received ad successfully.
2014-10-15 16:31:50.171 רב-קו[3632:48287] -[CDVAdMob adViewDidReceiveAd:]: Received ad successfully.
2014-10-15 16:32:50.267 רב-קו[3632:48287] -[CDVAdMob adViewDidReceiveAd:]: Received ad successfully.
2014-10-15 16:57:50.232 רב-קו[5020:69741] DiskCookieStorage changing policy from 2 to 0, cookie file: file:///Users/shirkan/Library/Developer/CoreSimulator/Devices/800F76E8-2782-49C9-9B30-440026D75913/data/Containers/Data/Application/2232B411-0A74-41DB-8F2B-4001C7367D83/Library/Cookies/Cookies.binarycookies
2014-10-15 16:57:50.343 רב-קו[5020:69741] Apache Cordova native platform version 3.6.3 is starting.
2014-10-15 16:57:50.344 רב-קו[5020:69741] Multi-tasking -> Device: YES, App: YES
2014-10-15 16:57:50.356 רב-קו[5020:69741] Unlimited access to network resources
2014-10-15 16:57:50.360 רב-קו[5020:69741] 

Started backup to iCloud! Please be careful.
Your application might be rejected by Apple if you store too much data.
For more information please read "iOS Data Storage Guidelines" at:
https://developer.apple.com/icloud/documentation/data-storage/

2014-10-15 16:57:50.676 רב-קו[5020:69741] Resetting plugins due to page load.
2014-10-15 16:57:50.989 רב-קו[5020:69741] Finished load of: file:///Users/shirkan/Library/Developer/CoreSimulator/Devices/800F76E8-2782-49C9-9B30-440026D75913/data/Containers/Bundle/Application/C5BBE9A8-E47C-4555-A4D4-2F118FBDD726/%D7%A8%D7%91-%D7%A7%D7%95.app/www/index.html
2014-10-15 16:57:51.040 רב-קו[5020:69741] setOptions
2014-10-15 16:57:51.041 רב-קו[5020:69741] createBannerView
2014-10-15 16:57:51.041 רב-קו[5020:69741] __createBanner
2014-10-15 16:57:51.135 רב-קו[5020:69741] <Google> To get test ads on this device, call: request.testDevices = @[ GAD_SIMULATOR_ID ];
2014-10-15 16:57:51.219 רב-קו[5020:69741] THREAD WARNING: ['AdMob'] took '178.309082' ms. Plugin should use a background thread.
2014-10-15 16:57:52.296 רב-קו[5020:69741] -[CDVAdMob adViewDidReceiveAd:]: Received ad successfully.
2014-10-15 17:15:46.888 רב-קו[5761:82658] DiskCookieStorage changing policy from 2 to 0, cookie file: file:///Users/shirkan/Library/Developer/CoreSimulator/Devices/800F76E8-2782-49C9-9B30-440026D75913/data/Containers/Data/Application/3E811017-CC46-4D15-B7FF-4ED9BB84C7EB/Library/Cookies/Cookies.binarycookies
2014-10-15 17:15:46.954 רב-קו[5761:82658] Apache Cordova native platform version 3.6.3 is starting.
2014-10-15 17:15:46.955 רב-קו[5761:82658] Multi-tasking -> Device: YES, App: YES
2014-10-15 17:15:46.965 רב-קו[5761:82658] Unlimited access to network resources
2014-10-15 17:15:46.969 רב-קו[5761:82658] 

Started backup to iCloud! Please be careful.
Your application might be rejected by Apple if you store too much data.
For more information please read "iOS Data Storage Guidelines" at:
https://developer.apple.com/icloud/documentation/data-storage/

2014-10-15 17:15:47.127 רב-קו[5761:82658] [CDVTimer][statusbar] 26.497006ms
2014-10-15 17:15:47.128 רב-קו[5761:82658] [CDVTimer][TotalPluginStartup] 26.804984ms
2014-10-15 17:15:47.304 רב-קו[5761:82658] Resetting plugins due to page load.
2014-10-15 17:15:47.562 רב-קו[5761:82658] Finished load of: file:///Users/shirkan/Library/Developer/CoreSimulator/Devices/800F76E8-2782-49C9-9B30-440026D75913/data/Containers/Bundle/Application/97041215-38AB-417F-8FBC-7A175E9B747D/%D7%A8%D7%91-%D7%A7%D7%95.app/www/index.html
2014-10-15 17:15:47.609 רב-קו[5761:82658] setOptions
2014-10-15 17:15:47.610 רב-קו[5761:82658] createBannerView
2014-10-15 17:15:47.610 רב-קו[5761:82658] __createBanner
2014-10-15 17:15:47.729 רב-קו[5761:82658] <Google> To get test ads on this device, call: request.testDevices = @[ GAD_SIMULATOR_ID ];
2014-10-15 17:15:47.806 רב-קו[5761:82658] THREAD WARNING: ['AdMob'] took '195.626221' ms. Plugin should use a background thread.
2014-10-15 17:15:49.403 רב-קו[5761:82658] -[CDVAdMob adViewDidReceiveAd:]: Received ad successfully.
2014-10-15 17:16:49.494 רב-קו[5761:82658] -[CDVAdMob adViewDidReceiveAd:]: Received ad successfully.
2014-10-15 17:17:08.223 רב-קו[5888:83782] DiskCookieStorage changing policy from 2 to 0, cookie file: file:///Users/shirkan/Library/Developer/CoreSimulator/Devices/800F76E8-2782-49C9-9B30-440026D75913/data/Containers/Data/Application/2F297510-0891-4CF4-B810-26614D886B11/Library/Cookies/Cookies.binarycookies
2014-10-15 17:17:08.340 רב-קו[5888:83782] Apache Cordova native platform version 3.6.3 is starting.
2014-10-15 17:17:08.341 רב-קו[5888:83782] Multi-tasking -> Device: YES, App: YES
2014-10-15 17:17:08.350 רב-קו[5888:83782] Unlimited access to network resources
2014-10-15 17:17:08.354 רב-קו[5888:83782] 

Started backup to iCloud! Please be careful.
Your application might be rejected by Apple if you store too much data.
For more information please read "iOS Data Storage Guidelines" at:
https://developer.apple.com/icloud/documentation/data-storage/

2014-10-15 17:17:08.516 רב-קו[5888:83782] [CDVTimer][statusbar] 38.692951ms
2014-10-15 17:17:08.517 רב-קו[5888:83782] [CDVTimer][TotalPluginStartup] 38.918018ms
2014-10-15 17:17:08.687 רב-קו[5888:83782] Resetting plugins due to page load.
2014-10-15 17:17:08.973 רב-קו[5888:83782] Finished load of: file:///Users/shirkan/Library/Developer/CoreSimulator/Devices/800F76E8-2782-49C9-9B30-440026D75913/data/Containers/Bundle/Application/B957AACF-936D-4911-9461-218FBBA3999F/%D7%A8%D7%91-%D7%A7%D7%95.app/www/index.html
2014-10-15 17:17:09.015 רב-קו[5888:83782] setOptions
2014-10-15 17:17:09.015 רב-קו[5888:83782] createBannerView
2014-10-15 17:17:09.015 רב-קו[5888:83782] __createBanner
2014-10-15 17:17:09.132 רב-קו[5888:83782] <Google> To get test ads on this device, call: request.testDevices = @[ GAD_SIMULATOR_ID ];
2014-10-15 17:17:09.208 רב-קו[5888:83782] THREAD WARNING: ['AdMob'] took '192.921875' ms. Plugin should use a background thread.
2014-10-15 17:17:10.417 רב-קו[5888:83782] -[CDVAdMob adViewDidReceiveAd:]: Received ad successfully.
2014-10-15 17:17:56.937 רב-קו[6000:84678] DiskCookieStorage changing policy from 2 to 0, cookie file: file:///Users/shirkan/Library/Developer/CoreSimulator/Devices/800F76E8-2782-49C9-9B30-440026D75913/data/Containers/Data/Application/CFDD0CD3-E0EC-4A1B-9487-F5AC62552164/Library/Cookies/Cookies.binarycookies
2014-10-15 17:17:57.006 רב-קו[6000:84678] Apache Cordova native platform version 3.6.3 is starting.
2014-10-15 17:17:57.007 רב-קו[6000:84678] Multi-tasking -> Device: YES, App: YES
2014-10-15 17:17:57.014 רב-קו[6000:84678] Unlimited access to network resources
2014-10-15 17:17:57.017 רב-קו[6000:84678] 

Started backup to iCloud! Please be careful.
Your application might be rejected by Apple if you store too much data.
For more information please read "iOS Data Storage Guidelines" at:
https://developer.apple.com/icloud/documentation/data-storage/

2014-10-15 17:17:57.175 רב-קו[6000:84678] [CDVTimer][statusbar] 37.132025ms
2014-10-15 17:17:57.175 רב-קו[6000:84678] [CDVTimer][TotalPluginStartup] 37.422001ms
2014-10-15 17:17:57.338 רב-קו[6000:84678] Resetting plugins due to page load.
2014-10-15 17:17:57.593 רב-קו[6000:84678] Finished load of: file:///Users/shirkan/Library/Developer/CoreSimulator/Devices/800F76E8-2782-49C9-9B30-440026D75913/data/Containers/Bundle/Application/CAF0F058-D2A4-4129-91C9-6E46037C9B9A/%D7%A8%D7%91-%D7%A7%D7%95.app/www/index.html
2014-10-15 17:17:57.639 רב-קו[6000:84678] setOptions
2014-10-15 17:17:57.639 רב-קו[6000:84678] createBannerView
2014-10-15 17:17:57.639 רב-קו[6000:84678] __createBanner
2014-10-15 17:17:57.746 רב-קו[6000:84678] <Google> To get test ads on this device, call: request.testDevices = @[ GAD_SIMULATOR_ID ];
2014-10-15 17:17:57.838 רב-קו[6000:84678] THREAD WARNING: ['AdMob'] took '198.642822' ms. Plugin should use a background thread.
2014-10-15 17:17:59.387 רב-קו[6000:84678] -[CDVAdMob adViewDidReceiveAd:]: Received ad successfully.
2014-10-15 17:18:59.534 רב-קו[6000:84678] -[CDVAdMob adViewDidReceiveAd:]: Received ad successfully.
2014-10-15 17:19:21.417 רב-קו[6118:85735] DiskCookieStorage changing policy from 2 to 0, cookie file: file:///Users/shirkan/Library/Developer/CoreSimulator/Devices/800F76E8-2782-49C9-9B30-440026D75913/data/Containers/Data/Application/9F370227-F69B-4E27-AEE8-4EBD27FDE82B/Library/Cookies/Cookies.binarycookies
2014-10-15 17:19:21.525 רב-קו[6118:85735] Apache Cordova native platform version 3.6.3 is starting.
2014-10-15 17:19:21.525 רב-קו[6118:85735] Multi-tasking -> Device: YES, App: YES
2014-10-15 17:19:21.533 רב-קו[6118:85735] Unlimited access to network resources
2014-10-15 17:19:21.536 רב-קו[6118:85735] 

Started backup to iCloud! Please be careful.
Your application might be rejected by Apple if you store too much data.
For more information please read "iOS Data Storage Guidelines" at:
https://developer.apple.com/icloud/documentation/data-storage/

2014-10-15 17:19:21.707 רב-קו[6118:85735] [CDVTimer][statusbar] 37.051022ms
2014-10-15 17:19:21.707 רב-קו[6118:85735] [CDVTimer][TotalPluginStartup] 37.331998ms
2014-10-15 17:19:21.882 רב-קו[6118:85735] Resetting plugins due to page load.
2014-10-15 17:19:22.160 רב-קו[6118:85735] Finished load of: file:///Users/shirkan/Library/Developer/CoreSimulator/Devices/800F76E8-2782-49C9-9B30-440026D75913/data/Containers/Bundle/Application/AC75DB70-6940-4ADB-AA06-C798CD9EF1B0/%D7%A8%D7%91-%D7%A7%D7%95.app/www/index.html
2014-10-15 17:19:22.243 רב-קו[6118:85735] setOptions
2014-10-15 17:19:22.243 רב-קו[6118:85735] createBannerView
2014-10-15 17:19:22.243 רב-קו[6118:85735] __createBanner
2014-10-15 17:19:22.367 רב-קו[6118:85735] <Google> To get test ads on this device, call: request.testDevices = @[ GAD_SIMULATOR_ID ];
2014-10-15 17:19:22.489 רב-קו[6118:85735] THREAD WARNING: ['AdMob'] took '245.406006' ms. Plugin should use a background thread.
2014-10-15 17:19:24.430 רב-קו[6118:85735] -[CDVAdMob adViewDidReceiveAd:]: Received ad successfully.
2014-10-15 17:19:48.507 רב-קו[6222:86360] DiskCookieStorage changing policy from 2 to 0, cookie file: file:///Users/shirkan/Library/Developer/CoreSimulator/Devices/800F76E8-2782-49C9-9B30-440026D75913/data/Containers/Data/Application/6500C70E-0DD0-46F5-9F84-24E53B4909B8/Library/Cookies/Cookies.binarycookies
2014-10-15 17:19:48.622 רב-קו[6222:86360] Apache Cordova native platform version 3.6.3 is starting.
2014-10-15 17:19:48.623 רב-קו[6222:86360] Multi-tasking -> Device: YES, App: YES
2014-10-15 17:19:48.632 רב-קו[6222:86360] Unlimited access to network resources
2014-10-15 17:19:48.635 רב-קו[6222:86360] 

Started backup to iCloud! Please be careful.
Your application might be rejected by Apple if you store too much data.
For more information please read "iOS Data Storage Guidelines" at:
https://developer.apple.com/icloud/documentation/data-storage/

2014-10-15 17:19:48.807 רב-קו[6222:86360] [CDVTimer][statusbar] 40.062964ms
2014-10-15 17:19:48.807 רב-קו[6222:86360] [CDVTimer][TotalPluginStartup] 40.300965ms
2014-10-15 17:19:48.980 רב-קו[6222:86360] Resetting plugins due to page load.
2014-10-15 17:19:49.229 רב-קו[6222:86360] Finished load of: file:///Users/shirkan/Library/Developer/CoreSimulator/Devices/800F76E8-2782-49C9-9B30-440026D75913/data/Containers/Bundle/Application/ADDCD0AD-1204-48DD-9ABA-033F92AC8C9C/%D7%A8%D7%91-%D7%A7%D7%95.app/www/index.html
2014-10-15 17:19:49.271 רב-קו[6222:86360] setOptions
2014-10-15 17:19:49.271 רב-קו[6222:86360] createBannerView
2014-10-15 17:19:49.272 רב-קו[6222:86360] __createBanner
2014-10-15 17:19:49.368 רב-קו[6222:86360] <Google> To get test ads on this device, call: request.testDevices = @[ GAD_SIMULATOR_ID ];
2014-10-15 17:19:49.450 רב-קו[6222:86360] THREAD WARNING: ['AdMob'] took '178.451172' ms. Plugin should use a background thread.
2014-10-15 17:19:51.388 רב-קו[6222:86360] -[CDVAdMob adViewDidReceiveAd:]: Received ad successfully.
2014-10-15 17:20:38.014 רב-קו[6327:87142] DiskCookieStorage changing policy from 2 to 0, cookie file: file:///Users/shirkan/Library/Developer/CoreSimulator/Devices/800F76E8-2782-49C9-9B30-440026D75913/data/Containers/Data/Application/675EBF04-4E0C-4F91-80B5-D5ACB0E5309B/Library/Cookies/Cookies.binarycookies
2014-10-15 17:20:38.131 רב-קו[6327:87142] Apache Cordova native platform version 3.6.3 is starting.
2014-10-15 17:20:38.132 רב-קו[6327:87142] Multi-tasking -> Device: YES, App: YES
2014-10-15 17:20:38.138 רב-קו[6327:87142] Unlimited access to network resources
2014-10-15 17:20:38.141 רב-קו[6327:87142] 

Started backup to iCloud! Please be careful.
Your application might be rejected by Apple if you store too much data.
For more information please read "iOS Data Storage Guidelines" at:
https://developer.apple.com/icloud/documentation/data-storage/

2014-10-15 17:20:38.418 רב-קו[6327:87142] [CDVTimer][statusbar] 48.092961ms
2014-10-15 17:20:38.418 רב-קו[6327:87142] [CDVTimer][TotalPluginStartup] 48.395991ms
2014-10-15 17:20:38.601 רב-קו[6327:87142] Resetting plugins due to page load.
2014-10-15 17:20:39.087 רב-קו[6327:87142] Finished load of: file:///Users/shirkan/Library/Developer/CoreSimulator/Devices/800F76E8-2782-49C9-9B30-440026D75913/data/Containers/Bundle/Application/FB78322A-E5B4-40AD-8026-0B869267B564/%D7%A8%D7%91-%D7%A7%D7%95.app/www/index.html
2014-10-15 17:20:39.128 רב-קו[6327:87142] setOptions
2014-10-15 17:20:39.128 רב-קו[6327:87142] createBannerView
2014-10-15 17:20:39.128 רב-קו[6327:87142] __createBanner
2014-10-15 17:20:39.230 רב-קו[6327:87142] <Google> To get test ads on this device, call: request.testDevices = @[ GAD_SIMULATOR_ID ];
2014-10-15 17:20:39.308 רב-קו[6327:87142] THREAD WARNING: ['AdMob'] took '179.615967' ms. Plugin should use a background thread.
2014-10-15 17:20:41.384 רב-קו[6327:87142] -[CDVAdMob adViewDidReceiveAd:]: Received ad successfully.
2014-10-15 17:21:41.502 רב-קו[6327:87142] -[CDVAdMob adViewDidReceiveAd:]: Received ad successfully.
2014-10-15 17:22:41.767 רב-קו[6327:87142] -[CDVAdMob adViewDidReceiveAd:]: Received ad successfully.
2014-10-15 17:23:42.065 רב-קו[6327:87142] -[CDVAdMob adViewDidReceiveAd:]: Received ad successfully.
2014-10-15 17:24:42.331 רב-קו[6327:87142] -[CDVAdMob adViewDidReceiveAd:]: Received ad successfully.
2014-10-15 17:25:42.723 רב-קו[6327:87142] -[CDVAdMob adViewDidReceiveAd:]: Received ad successfully.
2014-10-15 17:26:03.878 רב-קו[6530:90260] DiskCookieStorage changing policy from 2 to 0, cookie file: file:///Users/shirkan/Library/Developer/CoreSimulator/Devices/800F76E8-2782-49C9-9B30-440026D75913/data/Containers/Data/Application/F8DB2DDA-D367-438F-87D4-D61F3F5B2E6A/Library/Cookies/Cookies.binarycookies
2014-10-15 17:26:03.989 רב-קו[6530:90260] Apache Cordova native platform version 3.6.3 is starting.
2014-10-15 17:26:03.990 רב-קו[6530:90260] Multi-tasking -> Device: YES, App: YES
2014-10-15 17:26:03.998 רב-קו[6530:90260] Unlimited access to network resources
2014-10-15 17:26:04.002 רב-קו[6530:90260] 

Started backup to iCloud! Please be careful.
Your application might be rejected by Apple if you store too much data.
For more information please read "iOS Data Storage Guidelines" at:
https://developer.apple.com/icloud/documentation/data-storage/

2014-10-15 17:26:04.217 רב-קו[6530:90260] [CDVTimer][statusbar] 60.375035ms
2014-10-15 17:26:04.218 רב-קו[6530:90260] [CDVTimer][TotalPluginStartup] 60.685992ms
2014-10-15 17:26:04.383 רב-קו[6530:90260] Resetting plugins due to page load.
2014-10-15 17:26:04.699 רב-קו[6530:90260] Finished load of: file:///Users/shirkan/Library/Developer/CoreSimulator/Devices/800F76E8-2782-49C9-9B30-440026D75913/data/Containers/Bundle/Application/FC26318E-481F-4E9E-B8EF-3C5A1ADB3EAE/%D7%A8%D7%91-%D7%A7%D7%95.app/www/index.html
2014-10-15 17:26:04.731 רב-קו[6530:90260] setOptions
2014-10-15 17:26:04.731 רב-קו[6530:90260] createBannerView
2014-10-15 17:26:04.731 רב-קו[6530:90260] __createBanner
2014-10-15 17:26:04.817 רב-קו[6530:90260] <Google> To get test ads on this device, call: request.testDevices = @[ GAD_SIMULATOR_ID ];
2014-10-15 17:26:04.904 רב-קו[6530:90260] THREAD WARNING: ['AdMob'] took '173.562012' ms. Plugin should use a background thread.
2014-10-15 17:26:06.402 רב-קו[6530:90260] -[CDVAdMob adViewDidReceiveAd:]: Received ad successfully.
2014-10-15 17:28:12.971 רב-קו[6668:91825] DiskCookieStorage changing policy from 2 to 0, cookie file: file:///Users/shirkan/Library/Developer/CoreSimulator/Devices/800F76E8-2782-49C9-9B30-440026D75913/data/Containers/Data/Application/EC9A0AF4-9465-4C9C-9F53-CA4CB5E7E82B/Library/Cookies/Cookies.binarycookies
2014-10-15 17:28:13.177 רב-קו[6668:91825] Apache Cordova native platform version 3.6.3 is starting.
2014-10-15 17:28:13.178 רב-קו[6668:91825] Multi-tasking -> Device: YES, App: YES
2014-10-15 17:28:13.187 רב-קו[6668:91825] Unlimited access to network resources
2014-10-15 17:28:13.191 רב-קו[6668:91825] 

Started backup to iCloud! Please be careful.
Your application might be rejected by Apple if you store too much data.
For more information please read "iOS Data Storage Guidelines" at:
https://developer.apple.com/icloud/documentation/data-storage/

2014-10-15 17:28:13.425 רב-קו[6668:91825] [CDVTimer][statusbar] 66.726029ms
2014-10-15 17:28:13.425 רב-קו[6668:91825] [CDVTimer][TotalPluginStartup] 66.951036ms
2014-10-15 17:28:13.597 רב-קו[6668:91825] Resetting plugins due to page load.
2014-10-15 17:28:13.896 רב-קו[6668:91825] Finished load of: file:///Users/shirkan/Library/Developer/CoreSimulator/Devices/800F76E8-2782-49C9-9B30-440026D75913/data/Containers/Bundle/Application/E5AE67E8-242F-4050-8319-622B43D29207/%D7%A8%D7%91-%D7%A7%D7%95.app/www/index.html
2014-10-15 17:28:13.932 רב-קו[6668:91825] setOptions
2014-10-15 17:28:13.933 רב-קו[6668:91825] createBannerView
2014-10-15 17:28:13.933 רב-קו[6668:91825] __createBanner
2014-10-15 17:28:14.034 רב-קו[6668:91825] <Google> To get test ads on this device, call: request.testDevices = @[ GAD_SIMULATOR_ID ];
2014-10-15 17:28:14.133 רב-קו[6668:91825] THREAD WARNING: ['AdMob'] took '199.965088' ms. Plugin should use a background thread.
2014-10-15 17:28:16.147 רב-קו[6668:91825] -[CDVAdMob adViewDidReceiveAd:]: Received ad successfully.
2014-10-15 17:30:37.041 רב-קו[6997:94771] DiskCookieStorage changing policy from 2 to 0, cookie file: file:///Users/shirkan/Library/Developer/CoreSimulator/Devices/800F76E8-2782-49C9-9B30-440026D75913/data/Containers/Data/Application/360CBE68-6A01-4DB9-8488-1E5F8E1F3567/Library/Cookies/Cookies.binarycookies
2014-10-15 17:30:37.107 רב-קו[6997:94771] Apache Cordova native platform version 3.6.3 is starting.
2014-10-15 17:30:37.107 רב-קו[6997:94771] Multi-tasking -> Device: YES, App: YES
2014-10-15 17:30:37.116 רב-קו[6997:94771] Unlimited access to network resources
2014-10-15 17:30:37.118 רב-קו[6997:94771] 

Started backup to iCloud! Please be careful.
Your application might be rejected by Apple if you store too much data.
For more information please read "iOS Data Storage Guidelines" at:
https://developer.apple.com/icloud/documentation/data-storage/

2014-10-15 17:30:37.241 רב-קו[6997:94771] [CDVTimer][statusbar] 16.080976ms
2014-10-15 17:30:37.241 רב-קו[6997:94771] [CDVTimer][TotalPluginStartup] 16.286969ms
2014-10-15 17:30:37.380 רב-קו[6997:94771] Resetting plugins due to page load.
2014-10-15 17:30:37.606 רב-קו[6997:94771] Finished load of: file:///Users/shirkan/Library/Developer/CoreSimulator/Devices/800F76E8-2782-49C9-9B30-440026D75913/data/Containers/Bundle/Application/8BE257FE-8CA8-4853-85D4-CF5B25C32153/%D7%A8%D7%91-%D7%A7%D7%95.app/www/index.html
2014-10-15 17:30:37.650 רב-קו[6997:94771] setOptions
2014-10-15 17:30:37.650 רב-קו[6997:94771] createBannerView
2014-10-15 17:30:37.650 רב-קו[6997:94771] __createBanner
2014-10-15 17:30:37.750 רב-קו[6997:94771] <Google> To get test ads on this device, call: request.testDevices = @[ GAD_SIMULATOR_ID ];
2014-10-15 17:30:37.818 רב-קו[6997:94771] THREAD WARNING: ['AdMob'] took '168.296143' ms. Plugin should use a background thread.
2014-10-15 17:30:39.387 רב-קו[6997:94771] -[CDVAdMob adViewDidReceiveAd:]: Received ad successfully.
2014-10-15 22:47:58.138 רב-קו[12568:163569] DiskCookieStorage changing policy from 2 to 0, cookie file: file:///Users/shirkan/Library/Developer/CoreSimulator/Devices/800F76E8-2782-49C9-9B30-440026D75913/data/Containers/Data/Application/3279034E-369A-4FEC-830E-77ACA466B058/Library/Cookies/Cookies.binarycookies
2014-10-15 22:47:58.225 רב-קו[12568:163569] Apache Cordova native platform version 3.6.3 is starting.
2014-10-15 22:47:58.226 רב-קו[12568:163569] Multi-tasking -> Device: YES, App: YES
2014-10-15 22:47:58.259 רב-קו[12568:163569] Unlimited access to network resources
2014-10-15 22:47:58.269 רב-קו[12568:163569] 

Started backup to iCloud! Please be careful.
Your application might be rejected by Apple if you store too much data.
For more information please read "iOS Data Storage Guidelines" at:
https://developer.apple.com/icloud/documentation/data-storage/

2014-10-15 22:47:58.666 רב-קו[12568:163569] [CDVTimer][statusbar] 76.995969ms
2014-10-15 22:47:58.666 רב-קו[12568:163569] [CDVTimer][TotalPluginStartup] 77.194989ms
2014-10-15 22:47:58.827 רב-קו[12568:163569] Resetting plugins due to page load.
2014-10-15 22:47:59.136 רב-קו[12568:163569] Finished load of: file:///Users/shirkan/Library/Developer/CoreSimulator/Devices/800F76E8-2782-49C9-9B30-440026D75913/data/Containers/Bundle/Application/2E8DF934-F658-434F-96C5-3E95A99849D9/%D7%A8%D7%91-%D7%A7%D7%95.app/www/index.html
2014-10-15 22:47:59.167 רב-קו[12568:163569] setOptions
2014-10-15 22:47:59.168 רב-קו[12568:163569] createBannerView
2014-10-15 22:47:59.168 רב-קו[12568:163569] __createBanner
2014-10-15 22:47:59.259 רב-קו[12568:163569] <Google> To get test ads on this device, call: request.testDevices = @[ GAD_SIMULATOR_ID ];
2014-10-15 22:47:59.327 רב-קו[12568:163569] THREAD WARNING: ['AdMob'] took '158.984131' ms. Plugin should use a background thread.
2014-10-15 22:48:01.102 רב-קו[12568:163569] -[CDVAdMob adViewDidReceiveAd:]: Received ad successfully.
